Arguments: 
  C:\Program Files\nodejs\node.exe C:\Users\Prajwal\AppData\Roaming\npm\node_modules\yarn\bin\yarn.js add mongoose

PATH: 
  E:\oracle\product\10.2.0\db_1\bin;C:\WINDOWS\system32;C:\WINDOWS;C:\WINDOWS\System32\Wbem;C:\WINDOWS\System32\WindowsPowerShell\v1.0\;C:\WINDOWS\System32\OpenSSH\;C:\Program Files\MiKTeX\miktex\bin\x64\;C:\Program Files\Java\jdk-13.0.2\bin;C:\Program Files\nodejs\;C:\Program Files\Git\cmd;C:\Windows\system32;C:\Windows;C:\Windows\System32\Wbem;C:\Windows\System32\WindowsPowerShell\v1.0\;C:\Windows\System32\OpenSSH\;C:\Users\Prajwal\AppData\Local\Microsoft\WindowsApps;,C:\Python34\Scripts;C:\Program Files\Java\jdk-13.0.2\bin;;C:\Users\Prajwal\AppData\Local\Programs\Microsoft VS Code\bin;C:\Users\Prajwal\AppData\Roaming\npm;%USERPROFILE%\AppData\Local\Microsoft\WindowsApps

Yarn version: 
  1.22.17

Node version: 
  14.18.0

Platform: 
  win32 x64

Trace: 
  Error: getaddrinfo ENOTFOUND registry.yarnpkg.com
      at GetAddrInfoReqWrap.onlookup [as oncomplete] (dns.js:71:26)

npm manifest: 
  {
    "name": "hrm",
    "version": "1.0.0",
    "description": "",
    "main": "server.js",
    "scripts": {
      "test": "echo \"Error: no test specified\" && exit 1",
      "start":"nodemon server.js"
    },
    "keywords": [],
    "author": "",
    "license": "ISC",
    "dependencies": {
      "express": "^4.17.2",
      "express-handlebars": "^6.0.2"
    }
  }

yarn manifest: 
  No manifest

Lockfile: 
  No lockfile
